$VAR1 = {
          'person' => {
                        'how' => {
                                   'deep' => {
                                               'can' => {
                                                          'we' => {
                                                                    'go' => {
                                                                              'as' => {
                                                                                        'deep' => {
                                                                                                    'as' => {
                                                                                                              'your' => {
                                                                                                                          'mind' => {
                                                                                                                                      'allows' => '1'
                                                                                                                                    }
                                                                                                                        }
                                                                                                            }
                                                                                                  }
                                                                                      }
                                                                            }
                                                                  }
                                                        }
                                             }
                                 },
                        'name' => {
                                    'first' => 'Raj',
                                    'last' => 'Prashad'
                                  },
                        'address' => {
                                       'country' => 'Universe',
                                       'city' => 'Great Unknown',
                                       'street' => '1 Galaxy Drive',
                                       'state' => 'Andromeda'
                                     },
                        'favorite' => {
                                        'places' => [
                                                      'Moon',
                                                      'Mars',
                                                      'Orlando'
                                                    ],
                                        'foods' => [
                                                     'Pizza',
                                                     'Sushi',
                                                     'Curry'
                                                   ]
                                      },
                        'phone' => {
                                     'spacecraft' => '7325551212',
                                     'home' => '2125551212'
                                   }
                      }
        };
$VAR1 = {
          'person' => {
                        'name' => {
                                    'first' => 'J',
                                    'last' => 'Doe'
                                  },
                        'address' => {
                                       'country' => 'USA',
                                       'city' => 'Kansas City',
                                       'street' => '70 Kernel Dr',
                                       'state' => 'MO'
                                     },
                        'phone' => {
                                     'spacecraft' => undef,
                                     'home' => '888-555-1212'
                                   },
                        'favorite' => {
                                        'places' => [
                                                      'Zoo',
                                                      'Disney',
                                                      'Zen'
                                                    ],
                                        'foods' => [
                                                     'TerDuckin',
                                                     'Steak'
                                                   ]
                                      }
                      }
        };
